<?xml version="1.0" encoding="UTF-8"?>
<testng-results skipped="0" failed="0" ignored="0" total="1" passed="1">
  <reporter-output>
  </reporter-output>
  <suite name="Suite" duration-ms="17524" started-at="2018-01-02T20:52:32Z" finished-at="2018-01-02T20:52:49Z">
    <groups>
    </groups>
    <test name="Test" duration-ms="17524" started-at="2018-01-02T20:52:32Z" finished-at="2018-01-02T20:52:49Z">
      <class name="com.demo.project.regression.HomePageTest">
        <test-method status="PASS" signature="setup()[pri:0, instance:com.demo.project.regression.HomePageTest@1f3ddb1]" name="setup" is-config="true" duration-ms="14539" started-at="2018-01-03T02:22:32Z" finished-at="2018-01-03T02:22:46Z">
          <reporter-output>
          </reporter-output>
        </test-method> <!-- setup -->
        <test-method status="PASS" signature="test_Home_Page_Appear_Correct()[pri:0, instance:com.demo.project.regression.HomePageTest@1f3ddb1]" name="test_Home_Page_Appear_Correct" duration-ms="2526" started-at="2018-01-03T02:22:46Z" finished-at="2018-01-03T02:22:49Z">
          <reporter-output>
          </reporter-output>
        </test-method> <!-- test_Home_Page_Appear_Correct -->
        <test-method status="PASS" signature="tearDown()[pri:0, instance:com.demo.project.regression.HomePageTest@1f3ddb1]" name="tearDown" is-config="true" duration-ms="422" started-at="2018-01-03T02:22:49Z" finished-at="2018-01-03T02:22:49Z">
          <reporter-output>
          </reporter-output>
        </test-method> <!-- tearDown -->
      </class> <!-- com.demo.project.regression.HomePageTest -->
    </test> <!-- Test -->
  </suite> <!-- Suite -->
</testng-results>
